bin\debug\Athletic_.ilk
bin\debug\Athletic_.pdb
C:\USERS\ADMINISTRATOR\DESKTOP\ATHLETIC_\ATHLETIC_\X64\DEBUG\ATHLETIC_.EXE.EMBED.MANIFEST
C:\USERS\ADMINISTRATOR\DESKTOP\ATHLETIC_\ATHLETIC_\X64\DEBUG\ATHLETIC_.EXE.EMBED.MANIFEST.RES
C:\USERS\ADMINISTRATOR\DESKTOP\ATHLETIC_\ATHLETIC_\X64\DEBUG\ATHLETIC_.OBJ
C:\USERS\ADMINISTRATOR\DESKTOP\ATHLETIC_\ATHLETIC_\X64\DEBUG\ATHLETIC_.PCH
C:\USERS\ADMINISTRATOR\DESKTOP\ATHLETIC_\ATHLETIC_\X64\DEBUG\ATHLETIC_.RES
C:\USERS\ADMINISTRATOR\DESKTOP\ATHLETIC_\ATHLETIC_\X64\DEBUG\ATHLETIC_DOC.OBJ
C:\USERS\ADMINISTRATOR\DESKTOP\ATHLETIC_\ATHLETIC_\X64\DEBUG\ATHLETIC_VIEW.OBJ
C:\USERS\ADMINISTRATOR\DESKTOP\ATHLETIC_\ATHLETIC_\X64\DEBUG\CHILDFRM.OBJ
C:\USERS\ADMINISTRATOR\DESKTOP\ATHLETIC_\ATHLETIC_\X64\DEBUG\CPU_VR.OBJ
C:\USERS\ADMINISTRATOR\DESKTOP\ATHLETIC_\ATHLETIC_\X64\DEBUG\GPU_VR.OBJ
C:\USERS\ADMINISTRATOR\DESKTOP\ATHLETIC_\ATHLETIC_\X64\DEBUG\MAINFRM.OBJ
C:\USERS\ADMINISTRATOR\DESKTOP\ATHLETIC_\ATHLETIC_\X64\DEBUG\STDAFX.OBJ
C:\USERS\ADMINISTRATOR\DESKTOP\ATHLETIC_\ATHLETIC_\X64\DEBUG\TFMANAGER.OBJ
C:\USERS\ADMINISTRATOR\DESKTOP\ATHLETIC_\ATHLETIC_\X64\DEBUG\VC100.PDB
C:\USERS\ADMINISTRATOR\DESKTOP\ATHLETIC_\ATHLETIC_\X64\DEBUG\VOLUME.OBJ
C:\USERS\DAZZLE\DESKTOP\ATHLETIC_\ATHLETIC_\BIN\DEBUG\ATHLETIC_.EXE
C:\Users\DAZZLE\Desktop\Athletic_\Athletic_\bin\debug\Athletic_.exp
C:\USERS\DAZZLE\DESKTOP\ATHLETIC_\ATHLETIC_\BIN\DEBUG\ATHLETIC_.ILK
C:\Users\DAZZLE\Desktop\Athletic_\Athletic_\bin\debug\Athletic_.lib
C:\USERS\DAZZLE\DESKTOP\ATHLETIC_\ATHLETIC_\BIN\DEBUG\ATHLETIC_.PDB
C:\USERS\DAZZLE\DESKTOP\ATHLETIC_\ATHLETIC_\X64\DEBUG\ATHLETIC_.EXE.EMBED.MANIFEST.RES
C:\USERS\DAZZLE\DESKTOP\ATHLETIC_\ATHLETIC_\X64\DEBUG\ATHLETIC_.EXE.INTERMEDIATE.MANIFEST
C:\USERS\DAZZLE\DESKTOP\ATHLETIC_\ATHLETIC_\X64\DEBUG\ATHLETIC_.OBJ
C:\USERS\DAZZLE\DESKTOP\ATHLETIC_\ATHLETIC_\X64\DEBUG\ATHLETIC_.PCH
C:\USERS\DAZZLE\DESKTOP\ATHLETIC_\ATHLETIC_\X64\DEBUG\ATHLETIC_.RES
C:\USERS\DAZZLE\DESKTOP\ATHLETIC_\ATHLETIC_\X64\DEBUG\ATHLETIC_DOC.OBJ
C:\USERS\DAZZLE\DESKTOP\ATHLETIC_\ATHLETIC_\X64\DEBUG\ATHLETIC_VIEW.OBJ
C:\USERS\DAZZLE\DESKTOP\ATHLETIC_\ATHLETIC_\X64\DEBUG\CHILDFRM.OBJ
C:\USERS\DAZZLE\DESKTOP\ATHLETIC_\ATHLETIC_\X64\DEBUG\CPU_VR.OBJ
C:\USERS\DAZZLE\DESKTOP\ATHLETIC_\ATHLETIC_\X64\DEBUG\GPU_VR.OBJ
C:\USERS\DAZZLE\DESKTOP\ATHLETIC_\ATHLETIC_\X64\DEBUG\MAINFRM.OBJ
C:\USERS\DAZZLE\DESKTOP\ATHLETIC_\ATHLETIC_\X64\DEBUG\STDAFX.OBJ
C:\USERS\DAZZLE\DESKTOP\ATHLETIC_\ATHLETIC_\X64\DEBUG\TFMANAGER.OBJ
C:\USERS\DAZZLE\DESKTOP\ATHLETIC_\ATHLETIC_\X64\DEBUG\VC100.PDB
C:\USERS\DAZZLE\DESKTOP\ATHLETIC_\ATHLETIC_\X64\DEBUG\VOLUME.OBJ
C:\Users\heewonKye\Desktop\Athletic_(16.05.03)\Athletic_\bin\debug\Athletic_.exe
C:\Users\heewonKye\Desktop\Athletic_(16.05.03)\Athletic_\bin\debug\Athletic_.exp
C:\Users\heewonKye\Desktop\Athletic_(16.05.03)\Athletic_\bin\debug\Athletic_.lib
C:\USERS\HEEWONKYE\DESKTOP\ATHLETIC_(16.05.03)\ATHLETIC_\X64\DEBUG\ATHLETIC_.EXE.EMBED.MANIFEST
C:\USERS\HEEWONKYE\DESKTOP\ATHLETIC_(16.05.03)\ATHLETIC_\X64\DEBUG\ATHLETIC_.EXE.EMBED.MANIFEST.RES
C:\Users\heewonKye\Desktop\Athletic_(16.05.03)\Athletic_\x64\Debug\Athletic_.exe.intermediate.manifest
C:\USERS\HEEWONKYE\DESKTOP\ATHLETIC_(16.05.03)\ATHLETIC_\X64\DEBUG\ATHLETIC_.OBJ
C:\USERS\HEEWONKYE\DESKTOP\ATHLETIC_(16.05.03)\ATHLETIC_\X64\DEBUG\ATHLETIC_.PCH
C:\USERS\HEEWONKYE\DESKTOP\ATHLETIC_(16.05.03)\ATHLETIC_\X64\DEBUG\ATHLETIC_.RES
C:\Users\heewonKye\Desktop\Athletic_(16.05.03)\Athletic_\x64\Debug\Athletic_.vcxprojResolveAssemblyReference.cache
C:\Users\heewonKye\Desktop\Athletic_(16.05.03)\Athletic_\x64\Debug\Athletic_.write.1.tlog
C:\Users\heewonKye\Desktop\Athletic_(16.05.03)\Athletic_\x64\Debug\Athletic__manifest.rc
C:\USERS\HEEWONKYE\DESKTOP\ATHLETIC_(16.05.03)\ATHLETIC_\X64\DEBUG\ATHLETIC_DOC.OBJ
C:\USERS\HEEWONKYE\DESKTOP\ATHLETIC_(16.05.03)\ATHLETIC_\X64\DEBUG\ATHLETIC_VIEW.OBJ
C:\USERS\HEEWONKYE\DESKTOP\ATHLETIC_(16.05.03)\ATHLETIC_\X64\DEBUG\CHILDFRM.OBJ
C:\Users\heewonKye\Desktop\Athletic_(16.05.03)\Athletic_\x64\Debug\cl.command.1.tlog
C:\Users\heewonKye\Desktop\Athletic_(16.05.03)\Athletic_\x64\Debug\CL.read.1.tlog
C:\Users\heewonKye\Desktop\Athletic_(16.05.03)\Athletic_\x64\Debug\CL.write.1.tlog
C:\USERS\HEEWONKYE\DESKTOP\ATHLETIC_(16.05.03)\ATHLETIC_\X64\DEBUG\CPU_VR.OBJ
C:\USERS\HEEWONKYE\DESKTOP\ATHLETIC_(16.05.03)\ATHLETIC_\X64\DEBUG\GPU_VR.OBJ
C:\Users\heewonKye\Desktop\Athletic_(16.05.03)\Athletic_\x64\Debug\link.3720.read.1.tlog
C:\Users\heewonKye\Desktop\Athletic_(16.05.03)\Athletic_\x64\Debug\link.3720.write.1.tlog
C:\Users\heewonKye\Desktop\Athletic_(16.05.03)\Athletic_\x64\Debug\link.3720-cvtres.read.1.tlog
C:\Users\heewonKye\Desktop\Athletic_(16.05.03)\Athletic_\x64\Debug\link.3720-cvtres.write.1.tlog
C:\Users\heewonKye\Desktop\Athletic_(16.05.03)\Athletic_\x64\Debug\link.4408.read.1.tlog
C:\Users\heewonKye\Desktop\Athletic_(16.05.03)\Athletic_\x64\Debug\link.4408.write.1.tlog
C:\Users\heewonKye\Desktop\Athletic_(16.05.03)\Athletic_\x64\Debug\link.4408-cvtres.read.1.tlog
C:\Users\heewonKye\Desktop\Athletic_(16.05.03)\Athletic_\x64\Debug\link.4408-cvtres.write.1.tlog
C:\Users\heewonKye\Desktop\Athletic_(16.05.03)\Athletic_\x64\Debug\link.444.read.1.tlog
C:\Users\heewonKye\Desktop\Athletic_(16.05.03)\Athletic_\x64\Debug\link.444.write.1.tlog
C:\Users\heewonKye\Desktop\Athletic_(16.05.03)\Athletic_\x64\Debug\link.444-cvtres.read.1.tlog
C:\Users\heewonKye\Desktop\Athletic_(16.05.03)\Athletic_\x64\Debug\link.444-cvtres.write.1.tlog
C:\Users\heewonKye\Desktop\Athletic_(16.05.03)\Athletic_\x64\Debug\link.5320.read.1.tlog
C:\Users\heewonKye\Desktop\Athletic_(16.05.03)\Athletic_\x64\Debug\link.5320.write.1.tlog
C:\Users\heewonKye\Desktop\Athletic_(16.05.03)\Athletic_\x64\Debug\link.5320-cvtres.read.1.tlog
C:\Users\heewonKye\Desktop\Athletic_(16.05.03)\Athletic_\x64\Debug\link.5320-cvtres.write.1.tlog
C:\Users\heewonKye\Desktop\Athletic_(16.05.03)\Athletic_\x64\Debug\link.5636.read.1.tlog
C:\Users\heewonKye\Desktop\Athletic_(16.05.03)\Athletic_\x64\Debug\link.5636.write.1.tlog
C:\Users\heewonKye\Desktop\Athletic_(16.05.03)\Athletic_\x64\Debug\link.5636-cvtres.read.1.tlog
C:\Users\heewonKye\Desktop\Athletic_(16.05.03)\Athletic_\x64\Debug\link.5636-cvtres.write.1.tlog
C:\Users\heewonKye\Desktop\Athletic_(16.05.03)\Athletic_\x64\Debug\link.command.1.tlog
C:\Users\heewonKye\Desktop\Athletic_(16.05.03)\Athletic_\x64\Debug\link.read.1.tlog
C:\Users\heewonKye\Desktop\Athletic_(16.05.03)\Athletic_\x64\Debug\link.write.1.tlog
C:\Users\heewonKye\Desktop\Athletic_(16.05.03)\Athletic_\x64\Debug\link-cvtres.read.1.tlog
C:\Users\heewonKye\Desktop\Athletic_(16.05.03)\Athletic_\x64\Debug\link-cvtres.write.1.tlog
C:\Users\heewonKye\Desktop\Athletic_(16.05.03)\Athletic_\x64\Debug\link-DW20.read.1.tlog
C:\Users\heewonKye\Desktop\Athletic_(16.05.03)\Athletic_\x64\Debug\link-DW20.write.1.tlog
C:\Users\heewonKye\Desktop\Athletic_(16.05.03)\Athletic_\x64\Debug\link-DW20-dwwin.read.1.tlog
C:\Users\heewonKye\Desktop\Athletic_(16.05.03)\Athletic_\x64\Debug\link-DW20-dwwin.read.2.tlog
C:\Users\heewonKye\Desktop\Athletic_(16.05.03)\Athletic_\x64\Debug\link-DW20-dwwin.read.4.tlog
C:\Users\heewonKye\Desktop\Athletic_(16.05.03)\Athletic_\x64\Debug\link-DW20-dwwin.read.7.tlog
C:\Users\heewonKye\Desktop\Athletic_(16.05.03)\Athletic_\x64\Debug\link-DW20-dwwin.write.1.tlog
C:\Users\heewonKye\Desktop\Athletic_(16.05.03)\Athletic_\x64\Debug\link-DW20-dwwin.write.2.tlog
C:\Users\heewonKye\Desktop\Athletic_(16.05.03)\Athletic_\x64\Debug\link-DW20-dwwin.write.4.tlog
C:\USERS\HEEWONKYE\DESKTOP\ATHLETIC_(16.05.03)\ATHLETIC_\X64\DEBUG\MAINFRM.OBJ
C:\Users\heewonKye\Desktop\Athletic_(16.05.03)\Athletic_\x64\Debug\makeAverageSigma_kernel.cu.cache
C:\Users\heewonKye\Desktop\Athletic_(16.05.03)\Athletic_\x64\Debug\makeAverageSigma_kernel.cu.obj
C:\Users\heewonKye\Desktop\Athletic_(16.05.03)\Athletic_\x64\Debug\mt.command.1.tlog
C:\Users\heewonKye\Desktop\Athletic_(16.05.03)\Athletic_\x64\Debug\mt.read.1.tlog
C:\Users\heewonKye\Desktop\Athletic_(16.05.03)\Athletic_\x64\Debug\mt.write.1.tlog
C:\Users\heewonKye\Desktop\Athletic_(16.05.03)\Athletic_\x64\Debug\rc.command.1.tlog
C:\Users\heewonKye\Desktop\Athletic_(16.05.03)\Athletic_\x64\Debug\rc.read.1.tlog
C:\Users\heewonKye\Desktop\Athletic_(16.05.03)\Athletic_\x64\Debug\rc.write.1.tlog
C:\Users\heewonKye\Desktop\Athletic_(16.05.03)\Athletic_\x64\Debug\render_kernel.cu.cache
C:\Users\heewonKye\Desktop\Athletic_(16.05.03)\Athletic_\x64\Debug\render_kernel.cu.obj
C:\USERS\HEEWONKYE\DESKTOP\ATHLETIC_(16.05.03)\ATHLETIC_\X64\DEBUG\STDAFX.OBJ
C:\USERS\HEEWONKYE\DESKTOP\ATHLETIC_(16.05.03)\ATHLETIC_\X64\DEBUG\TFMANAGER.OBJ
C:\Users\heewonKye\Desktop\Athletic_(16.05.03)\Athletic_\x64\Debug\vc100.idb
C:\USERS\HEEWONKYE\DESKTOP\ATHLETIC_(16.05.03)\ATHLETIC_\X64\DEBUG\VC100.PDB
C:\Users\heewonKye\Desktop\Athletic_(16.05.03)\Athletic_\x64\Debug\volProcessing_kernel.cu.cache
C:\Users\heewonKye\Desktop\Athletic_(16.05.03)\Athletic_\x64\Debug\volProcessing_kernel.cu.obj
C:\USERS\HEEWONKYE\DESKTOP\ATHLETIC_(16.05.03)\ATHLETIC_\X64\DEBUG\VOLUME.OBJ
C:\USERS\SHLEE\DESKTOP\ATHLETIC_(16.05.03)\ATHLETIC_\BIN\DEBUG\ATHLETIC_.EXE
C:\Users\shlee\Desktop\Athletic_(16.05.03)\Athletic_\bin\debug\Athletic_.exp
C:\USERS\SHLEE\DESKTOP\ATHLETIC_(16.05.03)\ATHLETIC_\BIN\DEBUG\ATHLETIC_.ILK
C:\Users\shlee\Desktop\Athletic_(16.05.03)\Athletic_\bin\debug\Athletic_.lib
C:\USERS\SHLEE\DESKTOP\ATHLETIC_(16.05.03)\ATHLETIC_\BIN\DEBUG\ATHLETIC_.PDB
C:\USERS\SHLEE\DESKTOP\ATHLETIC_(16.05.03)\ATHLETIC_\X64\DEBUG\ATHLETIC_.EXE.EMBED.MANIFEST.RES
C:\USERS\SHLEE\DESKTOP\ATHLETIC_(16.05.03)\ATHLETIC_\X64\DEBUG\ATHLETIC_.EXE.INTERMEDIATE.MANIFEST
C:\USERS\SHLEE\DESKTOP\ATHLETIC_(16.05.03)\ATHLETIC_\X64\DEBUG\ATHLETIC_.OBJ
C:\USERS\SHLEE\DESKTOP\ATHLETIC_(16.05.03)\ATHLETIC_\X64\DEBUG\ATHLETIC_.PCH
C:\USERS\SHLEE\DESKTOP\ATHLETIC_(16.05.03)\ATHLETIC_\X64\DEBUG\ATHLETIC_.RES
C:\USERS\SHLEE\DESKTOP\ATHLETIC_(16.05.03)\ATHLETIC_\X64\DEBUG\ATHLETIC_DOC.OBJ
C:\USERS\SHLEE\DESKTOP\ATHLETIC_(16.05.03)\ATHLETIC_\X64\DEBUG\ATHLETIC_VIEW.OBJ
C:\USERS\SHLEE\DESKTOP\ATHLETIC_(16.05.03)\ATHLETIC_\X64\DEBUG\CHILDFRM.OBJ
C:\USERS\SHLEE\DESKTOP\ATHLETIC_(16.05.03)\ATHLETIC_\X64\DEBUG\CPU_VR.OBJ
C:\USERS\SHLEE\DESKTOP\ATHLETIC_(16.05.03)\ATHLETIC_\X64\DEBUG\GPU_VR.OBJ
C:\USERS\SHLEE\DESKTOP\ATHLETIC_(16.05.03)\ATHLETIC_\X64\DEBUG\MAINFRM.OBJ
C:\USERS\SHLEE\DESKTOP\ATHLETIC_(16.05.03)\ATHLETIC_\X64\DEBUG\STDAFX.OBJ
C:\USERS\SHLEE\DESKTOP\ATHLETIC_(16.05.03)\ATHLETIC_\X64\DEBUG\TFMANAGER.OBJ
C:\USERS\SHLEE\DESKTOP\ATHLETIC_(16.05.03)\ATHLETIC_\X64\DEBUG\VC100.PDB
C:\USERS\SHLEE\DESKTOP\ATHLETIC_(16.05.03)\ATHLETIC_\X64\DEBUG\VOLUME.OBJ
