bin\release\Athletic_.pdb
C:\USERS\DAZZLE\DESKTOP\ATHLETIC_\ATHLETIC_\BIN\RELEASE\ATHLETIC_.EXE
C:\Users\DAZZLE\Desktop\Athletic_\Athletic_\bin\release\Athletic_.exp
C:\Users\DAZZLE\Desktop\Athletic_\Athletic_\bin\release\Athletic_.lib
C:\USERS\DAZZLE\DESKTOP\ATHLETIC_\ATHLETIC_\BIN\RELEASE\ATHLETIC_.PDB
C:\USERS\DAZZLE\DESKTOP\ATHLETIC_\ATHLETIC_\X64\RELEASE\ATHLETIC_.EXE.INTERMEDIATE.MANIFEST
C:\USERS\DAZZLE\DESKTOP\ATHLETIC_\ATHLETIC_\X64\RELEASE\ATHLETIC_.OBJ
C:\USERS\DAZZLE\DESKTOP\ATHLETIC_\ATHLETIC_\X64\RELEASE\ATHLETIC_.PCH
C:\USERS\DAZZLE\DESKTOP\ATHLETIC_\ATHLETIC_\X64\RELEASE\ATHLETIC_.RES
C:\Users\DAZZLE\Desktop\Athletic_\Athletic_\x64\Release\Athletic_.vcxprojResolveAssemblyReference.cache
C:\Users\DAZZLE\Desktop\Athletic_\Athletic_\x64\Release\Athletic_.write.1.tlog
C:\USERS\DAZZLE\DESKTOP\ATHLETIC_\ATHLETIC_\X64\RELEASE\ATHLETIC_DOC.OBJ
C:\USERS\DAZZLE\DESKTOP\ATHLETIC_\ATHLETIC_\X64\RELEASE\ATHLETIC_VIEW.OBJ
C:\USERS\DAZZLE\DESKTOP\ATHLETIC_\ATHLETIC_\X64\RELEASE\CHILDFRM.OBJ
C:\Users\DAZZLE\Desktop\Athletic_\Athletic_\x64\Release\cl.command.1.tlog
C:\Users\DAZZLE\Desktop\Athletic_\Athletic_\x64\Release\CL.read.1.tlog
C:\Users\DAZZLE\Desktop\Athletic_\Athletic_\x64\Release\CL.write.1.tlog
C:\USERS\DAZZLE\DESKTOP\ATHLETIC_\ATHLETIC_\X64\RELEASE\CPU_VR.OBJ
C:\USERS\DAZZLE\DESKTOP\ATHLETIC_\ATHLETIC_\X64\RELEASE\GPU_VR.OBJ
C:\Users\DAZZLE\Desktop\Athletic_\Athletic_\x64\Release\link.command.1.tlog
C:\Users\DAZZLE\Desktop\Athletic_\Athletic_\x64\Release\link.read.1.tlog
C:\Users\DAZZLE\Desktop\Athletic_\Athletic_\x64\Release\link.write.1.tlog
C:\Users\DAZZLE\Desktop\Athletic_\Athletic_\x64\Release\link-cvtres.read.1.tlog
C:\Users\DAZZLE\Desktop\Athletic_\Athletic_\x64\Release\link-cvtres.write.1.tlog
C:\USERS\DAZZLE\DESKTOP\ATHLETIC_\ATHLETIC_\X64\RELEASE\MAINFRM.OBJ
C:\Users\DAZZLE\Desktop\Athletic_\Athletic_\x64\Release\makeAverageSigma_kernel.cu.cache
C:\Users\DAZZLE\Desktop\Athletic_\Athletic_\x64\Release\makeAverageSigma_kernel.cu.obj
C:\Users\DAZZLE\Desktop\Athletic_\Athletic_\x64\Release\mt.command.1.tlog
C:\Users\DAZZLE\Desktop\Athletic_\Athletic_\x64\Release\mt.read.1.tlog
C:\Users\DAZZLE\Desktop\Athletic_\Athletic_\x64\Release\mt.write.1.tlog
C:\Users\DAZZLE\Desktop\Athletic_\Athletic_\x64\Release\rc.command.1.tlog
C:\Users\DAZZLE\Desktop\Athletic_\Athletic_\x64\Release\rc.read.1.tlog
C:\Users\DAZZLE\Desktop\Athletic_\Athletic_\x64\Release\rc.write.1.tlog
C:\Users\DAZZLE\Desktop\Athletic_\Athletic_\x64\Release\render_kernel.cu.cache
C:\Users\DAZZLE\Desktop\Athletic_\Athletic_\x64\Release\render_kernel.cu.obj
C:\USERS\DAZZLE\DESKTOP\ATHLETIC_\ATHLETIC_\X64\RELEASE\STDAFX.OBJ
C:\USERS\DAZZLE\DESKTOP\ATHLETIC_\ATHLETIC_\X64\RELEASE\TFMANAGER.OBJ
C:\USERS\DAZZLE\DESKTOP\ATHLETIC_\ATHLETIC_\X64\RELEASE\VC100.PDB
C:\USERS\DAZZLE\DESKTOP\ATHLETIC_\ATHLETIC_\X64\RELEASE\VOLUME.OBJ
